KnowledgeFarm/app/proguard-rules.pro
#--------------------------1.实体类---------------------------------
# 如果使用了Gson之类的工具要使被它解析的JavaBean类即实体类不被混淆。（这里填写自己项目中存放bean对象的具体路径）
-keep class com.li.knowledgefarm.entity.**{*;}

#--------------------------2.第三方包-------------------------------

#Gson
-keepattributes Signature
-keepattributes *Annotation*
-keep class sun.misc.Unsafe { *; }
-keep class com.google.gson.stream.** { *; }
-keep class com.google.gson.examples.android.model.** { *; }
-keep class com.google.gson.* { *;}
-dontwarn com.google.gson.**

#EventBus
-keepattributes *Annotation*
-keepclassmembers class ** {
    @org.greenrobot.eventbus.Subscribe <methods>;
}
-keep enum org.greenrobot.eventbus.ThreadMode { *; }

# Only required if you use AsyncExecutor
-keepclassmembers class * extends org.greenrobot.eventbus.util.ThrowableFailureEvent {
    <init>(java.lang.Throwable);
}

#OkHttp
-dontwarn com.squareup.okhttp3.**
-keep class com.squareup.okhttp3.** { *;}
-dontwarn okio.**

#Glide
-dontwarn com.bumptech.glide.**
-keep class com.bumptech.glide.**{*;}
-keep public class * implements com.bumptech.glide.module.GlideModule
-keep public class * extends com.bumptech.glide.AppGlideModule
-keep public enum com.bumptech.glide.load.resource.bitmap.ImageHeaderParser$** {
  **[] $VALUES;
  public *;
}

#Jpush
-dontoptimize
-dontpreverify

-dontwarn cn.jpush.**
-keep class cn.jpush.** { *; }
-keep class * extends cn.jpush.android.helpers.JPushMessageReceiver { *; }

-dontwarn cn.jiguang.**
-keep class cn.jiguang.** { *; }

#xxpermissions
-dontwarn com.hjq.permissions.**

#design
-dontwarn android.support.design.**
-keep class android.support.design.** { *; }
-keep interface android.support.design.** { *; }
-keep public class android.support.design.R$* { *; }

#PersistentCookieJar
-dontwarn com.franmontiel.persistentcookiejar.**
-keep class com.franmontiel.persistentcookiejar.**

#GuideHelper
-keep class com.li.knowledgefarm.Util.GuideHelper { *;}

#XUpdate
-keep class com.xuexiang.xupdate.entity.** { *; }

#PictureSelector 2.0
-keep class com.luck.picture.lib.** { *; }

#Ucrop
-dontwarn com.yalantis.ucrop**
-keep class com.yalantis.ucrop** { *; }
-keep interface com.yalantis.ucrop** { *; }

#Okio
-dontwarn org.codehaus.mojo.animal_sniffer.*

#-------------------------3.与js互相调用的类------------------------


#-------------------------4.反射相关的类和方法----------------------
-keep public class com.li.knowledgefarm.daytask.DayTaskPopUpWindow { *; }

#-------------------------5.基本不用动区域--------------------------
#指定代码的压缩级别
-optimizationpasses 5

#包明不混合大小写
-dontusemixedcaseclassnames

#不去忽略非公共的库类
-dontskipnonpubliclibraryclasses
-dontskipnonpubliclibraryclassmembers

#混淆时是否记录日志
-verbose

#优化  不优化输入的类文件
-dontoptimize

#预校验
-dontpreverify

# 保留sdk系统自带的一些内容 【例如：-keepattributes *Annotation* 会保留Activity的被@override注释的onCreate、onDestroy方法等】
-keepattributes Exceptions,InnerClasses,Signature,Deprecated,SourceFile,LineNumberTable,*Annotation*,EnclosingMethod

# 记录生成的日志数据,gradle build时在本项根目录输出
# apk 包内所有 class 的内部结构
-dump proguard/class_files.txt
# 未混淆的类和成员
-printseeds proguard/seeds.txt
# 列出从 apk 中删除的代码
-printusage proguard/unused.txt
# 混淆前后的映射
-printmapping proguard/mapping.txt


# 避免混淆泛型
-keepattributes Signature
# 抛出异常时保留代码行号,保持源文件以及行号
-keepattributes SourceFile,LineNumberTable

#-----------------------------6.默认保留区-----------------------
# 保持 native 方法不被混淆
-keepclasseswithmembernames class * {
    native <methods>;
}

-keepclassmembers public class * extends android.view.View {
 public <init>(android.content.Context);
 public <init>(android.content.Context, android.util.AttributeSet);
 public <init>(android.content.Context, android.util.AttributeSet, int);
 public void set*(***);
}

#保持 Serializable 不被混淆
-keepclassmembers class * implements java.io.Serializable {
    static final long serialVersionUID;
    private static final java.io.ObjectStreamField[] serialPersistentFields;
    !static !transient <fields>;
    !private <fields>;
    !private <methods>;
    private void writeObject(java.io.ObjectOutputStream);
    private void readObject(java.io.ObjectInputStream);
    java.lang.Object writeReplace();
    java.lang.Object readResolve();
}

# 保持自定义控件类不被混淆
-keepclasseswithmembers class * {
    public <init>(android.content.Context,android.util.AttributeSet);
}
# 保持自定义控件类不被混淆
-keepclasseswithmembers class * {
    public <init>(android.content.Context,android.util.AttributeSet,int);
}
# 保持自定义控件类不被混淆
-keepclassmembers class * extends android.app.Activity {
    public void *(android.view.View);
}

# 保持枚举 enum 类不被混淆
-keepclassmembers enum * {
    public static **[] values();
    public static ** valueOf(java.lang.String);
}

# 保持 Parcelable 不被混淆
-keep class * implements android.os.Parcelable {
  public static final android.os.Parcelable$Creator *;
}

# 不混淆R文件中的所有静态字段，我们都知道R文件是通过字段来记录每个资源的id的，字段名要是被混淆了，id也就找不着了。
-keepclassmembers class **.R$* {
    public static <fields>;
}

#如果引用了v4或者v7包
-dontwarn android.support.**

# 保持哪些类不被混淆
-keep public class * extends android.app.Appliction
-keep public class * extends android.app.Activity
-keep public class * extends android.app.Fragment
-keep public class * extends android.app.Service
-keep public class * extends android.content.BroadcastReceiver
-keep public class * extends android.content.ContentProvider
-keep public class * extends android.preference.Preference

-keep class com.zhy.http.okhttp.**{*;}
-keep class com.wiwide.util.** {*;}

# ============忽略警告，否则打包可能会不成功=============
-ignorewarnings