KnowledgeFarm/app/proguard/seeds.txt
com.li.knowledgefarm.entity.EventBean
com.li.knowledgefarm.entity.PetVO: java.lang.String getDescription()
com.li.knowledgefarm.entity.Task: int crop
com.li.knowledgefarm.entity.User: int getEnglishRewardCount()
com.li.knowledgefarm.entity.UserCropItem: void setUserCropId(int)
com.li.knowledgefarm.entity.QuestionEntity.Chinese23: void setPinYin(java.lang.String)
com.li.knowledgefarm.entity.UserPetHouse: java.lang.Integer getIfUsing()
com.li.knowledgefarm.entity.QuestionEntity.QuestionTitle: void setQuestion(com.li.knowledgefarm.entity.QuestionEntity.Question)
com.li.knowledgefarm.entity.UserPetHouse: java.lang.Integer getId()
com.li.knowledgefarm.entity.ShopItemBean: int price
com.li.knowledgefarm.entity.PetVO: PetVO()
com.li.knowledgefarm.entity.User: java.lang.String getEmail()
com.li.knowledgefarm.entity.Crop: Crop()
com.li.knowledgefarm.entity.QuestionEntity.Chinese23: java.lang.String getGrade()
com.li.knowledgefarm.entity.ShopItemBean: void setExist(int)
com.li.knowledgefarm.entity.QuestionEntity.SingleChoice: java.lang.String getAnswer()
com.li.knowledgefarm.entity.QuestionEntity.QuestionPage: void setNumber(int)
com.li.knowledgefarm.entity.Task: int water
com.li.knowledgefarm.entity.QuestionEntity.QuestionType: void setName(java.lang.String)
com.li.knowledgefarm.MyFriends.MyFriendActivity: MyFriendActivity()
com.li.knowledgefarm.entity.ShopItemBean: void setExperience(int)
com.li.knowledgefarm.entity.QuestionEntity.SingleChoice: java.lang.String answer
com.li.knowledgefarm.entity.TaskItem: TaskItem()
com.li.knowledgefarm.entity.QuestionEntity.Question3Num: int num2
com.li.knowledgefarm.entity.Crop: java.lang.String getDescription()
com.li.knowledgefarm.entity.PetUtil: void setExist(java.lang.Integer)
com.li.knowledgefarm.entity.Mix: void setSignal2(java.lang.String)
com.li.knowledgefarm.entity.QuestionEntity.Question3Num: java.lang.String getSignal2()
com.li.knowledgefarm.entity.QuestionEntity.Chinese: java.lang.String quantify
com.li.knowledgefarm.entity.Pet: java.lang.Integer id
com.li.knowledgefarm.entity.ShopItemBean: java.lang.String getImg4()
com.li.knowledgefarm.entity.QuestionEntity.English: java.lang.String getWord()
com.li.knowledgefarm.entity.UserPkPet: java.lang.Integer getGrowPeriod()
com.li.knowledgefarm.entity.QuestionEntity.Question3Num: int result
com.li.knowledgefarm.entity.QuestionEntity.Question: void setId(java.lang.Integer)
com.li.knowledgefarm.daytask.DayTaskPopUpWindow: okhttp3.OkHttpClient access$100(com.li.knowledgefarm.daytask.DayTaskPopUpWindow)
com.li.knowledgefarm.entity.User: void setOnline(int)
com.li.knowledgefarm.entity.Pageable: boolean getPaged()
com.li.knowledgefarm.entity.User: void setPassword(java.lang.String)
com.li.knowledgefarm.entity.Crop: int getValue()
com.li.knowledgefarm.entity.ShopItemBean: void setImg1(java.lang.String)
com.li.knowledgefarm.entity.Notification: java.util.Date createTime
com.li.knowledgefarm.entity.QuestionEntity.Question3Num: java.lang.String toString()
com.li.knowledgefarm.entity.User: int englishRewardCount
com.li.knowledgefarm.entity.QuestionEntity.Chinese: void setGrade(java.lang.String)
com.li.knowledgefarm.daytask.DayTaskPopUpWindow: DayTaskPopUpWindow(android.content.Context)
com.li.knowledgefarm.entity.User: com.li.knowledgefarm.entity.UserAuthority userAuthority
com.li.knowledgefarm.entity.PetVO: java.lang.Integer physical
com.li.knowledgefarm.entity.User: int getExist()
com.li.knowledgefarm.view.HorizontalListView: void setAdapter(android.widget.Adapter)
com.li.knowledgefarm.entity.QuestionEntity.Math23: java.lang.String grade
com.li.knowledgefarm.Util.GuideHelper: android.content.DialogInterface$OnDismissListener getOnDismissListener()
com.li.knowledgefarm.entity.PetVO: java.lang.String name
com.li.knowledgefarm.entity.PetVO: java.lang.Integer getId()
com.li.knowledgefarm.Util.GuideHelper: void setOnDismissListener(android.content.DialogInterface$OnDismissListener)
...
com.google.android.material.chip.Chip: android.content.res.ColorStateList getChipIconTint()
com.google.android.material.R$style: int Base_Theme_MaterialComponents_Light_Bridge
com.google.android.material.R$attr: int chipEndPadding
com.luck.picture.lib.photoview.PhotoView: android.graphics.RectF getDisplayRect()
com.bumptech.glide.R$string: int status_bar_notification_info_overflow
cn.jiguang.ar.b: void b(android.content.Context,java.lang.String,int,int,long,long,byte[])
com.bumptech.glide.load.resource.bitmap.ByteBufferBitmapImageDecoderResourceDecoder: com.bumptech.glide.load.engine.Resource decode(java.nio.ByteBuffer,int,int,com.bumptech.glide.load.Options)
com.bumptech.glide.load.engine.DecodeJob$ReleaseManager: boolean isEncodeComplete
cn.jiguang.s.a
com.bumptech.glide.load.model.FileLoader$Factory
androidx.appcompat.R$id: int accessibility_custom_action_11
androidx.coordinatorlayout.R$attr: int fontProviderCerts
com.google.android.material.R$styleable: int AppCompatTheme_actionBarStyle
com.google.android.material.R$attr: int itemTextAppearance
androidx.appcompat.R$dimen: int abc_edit_text_inset_bottom_material
androidx.appcompat.R$drawable: int abc_btn_check_material_anim
com.bumptech.glide.Glide: android.content.Context getContext()
com.bumptech.glide.load.resource.bitmap.BitmapEncoder
com.google.android.material.R$id: int content
com.yalantis.ucrop.R$styleable: int FontFamilyFont_android_fontVariationSettings
com.luck.picture.lib.PictureExternalPreviewActivity
cn.jpush.android.webview.bridge.d: void startMainActivity(java.lang.String)
com.google.android.material.floatingactionbutton.FloatingActionButton: void setRippleColor(int)
com.bumptech.glide.load.resource.gif.GifFrameLoader$DelayTarget: GifFrameLoader$DelayTarget(android.os.Handler,int,long)
com.bumptech.glide.load.resource.gif.GifDrawable: android.graphics.drawable.Drawable$Callback findCallback()
androidx.appcompat.R$dimen: int tooltip_margin
com.bumptech.glide.load.resource.ImageDecoderResourceDecoder$1: com.bumptech.glide.load.resource.bitmap.DownsampleStrategy val$strategy
com.bumptech.glide.load.resource.SimpleResource: java.lang.Object get()
com.luck.picture.lib.R$styleable: int AppCompatTheme_imageButtonStyle
cn.jpush.android.api.JThirdPlatFormInterface: boolean isNeedClearToken(android.content.Context)
okio.ByteString: okio.ByteString md5()
cn.jiguang.analytics.page.PushSA: boolean isOnResumeInvoke
cn.jiguang.ag.a: void a(android.content.Context,int)
com.bumptech.glide.util.ViewPreloadSizeProvider$SizeViewTarget: void onResourceCleared(android.graphics.drawable.Drawable)
com.google.android.material.internal.NavigationMenuItemView: void setIconPadding(int)
com.google.android.material.R$styleable: int[] ColorStateListItem
com.luck.picture.lib.R$color: int abc_tint_btn_checkable
com.google.gson.LongSerializationPolicy$1: com.google.gson.JsonElement serialize(java.lang.Long)
cn.jpush.android.helper.h: <clinit>()
com.bumptech.glide.load.resource.bitmap.FitCenter
com.google.android.material.R$style: int TextAppearance_AppCompat_Widget_Button_Colored
com.bumptech.glide.provider.LoadPathCache
com.yalantis.ucrop.R$styleable: int ActionBar_height
cn.jpush.android.helper.Logger
com.bumptech.glide.util.ContentLengthInputStream: int read(byte[],int,int)
com.bumptech.glide.load.resource.gif.GifDrawable: void onBoundsChange(android.graphics.Rect)
com.zhy.http.okhttp.builder.HeadBuilder
com.google.android.material.R$style: int Base_V14_Theme_MaterialComponents
cn.jiguang.bb.e: long a(android.content.Context)
com.google.android.material.R$style: int TextAppearance_AppCompat_Subhead
com.bumptech.glide.load.engine.SourceGenerator: com.bumptech.glide.load.engine.DecodeHelper helper
kotlin.jvm.internal.CallableReference: boolean isOpen()
com.google.android.material.R$id: int transition_transform
cn.jiguang.ah.a: a()
com.bumptech.glide.request.target.CustomViewTarget$SizeDeterminer: CustomViewTarget$SizeDeterminer(android.view.View)