KnowledgeFarm/app/proguard/unused.txt
com.li.knowledgefarm.R$interpolator
com.li.knowledgefarm.Util.NavigationBarUtil
    public void <init>()
com.li.knowledgefarm.Util.GlideEngine$2
com.li.knowledgefarm.BuildConfig
com.li.knowledgefarm.Shop.MyFragment
    private android.widget.Button button
    public static final java.lang.String SHOP
    private static final int FAST_CLICK_DELAY_TIME
com.li.knowledgefarm.R$array
com.li.knowledgefarm.Util.OKHttpUpdateHttpService$2
com.li.knowledgefarm.R$integer
com.li.knowledgefarm.Study.Subject.QuestionUtil
    private android.widget.Toast toast
com.li.knowledgefarm.R$styleable
com.li.knowledgefarm.Study.Subject.QuestionActivity
    private android.os.Handler getWAF
    private android.app.Dialog ifReturn
    private android.widget.Toast toast
    private android.widget.TextView isFalse
com.li.knowledgefarm.Login.LoginByAccountActivity
    public java.lang.String byteArrayToHex(byte[])
com.li.knowledgefarm.Study.GetSubjectQuestion.GetEnglishQuestion
    private android.widget.Toast toast
com.li.knowledgefarm.Login.dialog.NotifyAccountDialog$1
com.li.knowledgefarm.Util.OKHttpUpdateHttpService$1
com.li.knowledgefarm.Main.UserMessagePopUp
    private android.widget.ImageView back
com.li.knowledgefarm.R$layout
com.li.knowledgefarm.Util.FullScreen
    public void <init>()
    public static int HideStyle()
com.li.knowledgefarm.Study.Math.Calculator
com.li.knowledgefarm.R$dimen
com.li.knowledgefarm.R$bool
com.li.knowledgefarm.Study.GetSubjectQuestion.GetMathQuestion
    private android.widget.Toast toast
com.li.knowledgefarm.Login.LoginActivity
    private void asyncByJson2(java.lang.String,java.lang.String)
com.li.knowledgefarm.notify.NotifyPopUpWindow
    private android.widget.Button delete
    private android.os.Handler if_delete_handler
com.li.knowledgefarm.Study.Math.ArithHelper
com.li.knowledgefarm.R$id
com.li.knowledgefarm.Settings.SettingMessageActivity
    public void openPhonePhoto()
    public java.io.File saveBitmapFile(android.graphics.Bitmap)
com.li.knowledgefarm.Study.Interface.SubjectInterface
    public abstract void getQuestion()
    public abstract void getMathHandler(android.content.Intent)
    protected okhttp3.OkHttpClient okHttpClient
    protected com.google.gson.Gson gson
com.li.knowledgefarm.Util.UserUtil
    public void <init>()
com.li.knowledgefarm.Util.FromJson
    public void <init>()
com.li.knowledgefarm.R$attr
com.li.knowledgefarm.Manifest
com.li.knowledgefarm.R$xml
com.li.knowledgefarm.MyFriends.FriendsCustomerAdapter
    public void <init>(android.content.Context,java.util.List,int)
com.li.knowledgefarm.view.HorizontalListView
    public synchronized void scrollTo(int)
com.li.knowledgefarm.Util.HProgressDialogUtils
    private void <init>()
    public static void setMax(long)
    public static void setProgress(long)
    public static void onLoading(long,long)
com.li.knowledgefarm.notify.OtherNotifyAdapter
    private android.widget.Toast toast
com.li.knowledgefarm.R$color
com.li.knowledgefarm.R$string
com.li.knowledgefarm.Util.Md5Encode
    public void <init>()
com.li.knowledgefarm.pk.PetPkQuestionDialog
    private void judgementIfTrue()
    private void showJudgement()
    private android.widget.TextView isFalse
    private android.widget.TextView judge_question
    private android.widget.TextView judge_A
    private android.widget.TextView judge_B
    private android.widget.ImageView judge_isTrue
com.li.knowledgefarm.Study.Interface.StudyInterface
    public abstract void getViews()
    public abstract void registListener()
com.li.knowledgefarm.Study.Util.StudyUtil
    public void <init>()
    public static void setStatusBar(android.app.Activity)
com.li.knowledgefarm.Shop.ShopActivity$CustomerOnclickListener
...
androidx.recyclerview.widget.ItemTouchHelper
okio.Timeout
    public final okio.Timeout deadline(long,java.util.concurrent.TimeUnit)
    public final void waitUntilNotified(java.lang.Object)
    public final void intersectWith(okio.Timeout,kotlin.jvm.functions.Function0)
androidx.appcompat.app.ActionBarDrawerToggleHoneycomb$SetIndicatorInfo
kotlin.jvm.internal.ArrayCharIterator
com.luck.picture.lib.widget.RecyclerPreloadView
    public boolean isEnabledLoadMore()
    private static final int BOTTOM_DEFAULT
    public static final int BOTTOM_PRELOAD
androidx.lifecycle.ComputableLiveData$1
kotlin.sequences.SequencesKt__SequencesKt$generateSequence$1
com.google.android.material.transformation.FabTransformationScrimBehavior
    public static final long EXPAND_DELAY
    public static final long EXPAND_DURATION
    public static final long COLLAPSE_DELAY
    public static final long COLLAPSE_DURATION
org.greenrobot.eventbus.EventBusBuilder
    public org.greenrobot.eventbus.EventBusBuilder logSubscriberExceptions(boolean)
    public org.greenrobot.eventbus.EventBusBuilder logNoSubscriberMessages(boolean)
    public org.greenrobot.eventbus.EventBusBuilder sendSubscriberExceptionEvent(boolean)
    public org.greenrobot.eventbus.EventBusBuilder sendNoSubscriberEvent(boolean)
    public org.greenrobot.eventbus.EventBusBuilder throwSubscriberException(boolean)
    public org.greenrobot.eventbus.EventBusBuilder eventInheritance(boolean)
    public org.greenrobot.eventbus.EventBusBuilder executorService(java.util.concurrent.ExecutorService)
    public org.greenrobot.eventbus.EventBusBuilder skipMethodVerificationFor(java.lang.Class)
    public org.greenrobot.eventbus.EventBusBuilder ignoreGeneratedIndex(boolean)
    public org.greenrobot.eventbus.EventBusBuilder strictMethodVerification(boolean)
    public org.greenrobot.eventbus.EventBusBuilder addIndex(org.greenrobot.eventbus.meta.SubscriberInfoIndex)
    public org.greenrobot.eventbus.EventBusBuilder logger(org.greenrobot.eventbus.Logger)
    public org.greenrobot.eventbus.EventBus installDefaultEventBus()
    public org.greenrobot.eventbus.EventBus build()
    java.util.List skipMethodVerificationForClasses
androidx.core.graphics.TypefaceCompatApi21Impl
    private static final java.lang.String TAG
    private static final java.lang.String FONT_FAMILY_CLASS
    private static final java.lang.String ADD_FONT_WEIGHT_STYLE_METHOD
    private static final java.lang.String CREATE_FROM_FAMILIES_WITH_DEFAULT_METHOD
okio.internal.RealBufferedSinkKt
androidx.recyclerview.widget.DividerItemDecoration
com.luck.picture.lib.PictureSelectorPreviewWeChatStyleActivity
    private static final int ALPHA_DURATION
com.google.android.material.tabs.TabLayout$TabGravity
androidx.camera.core.ImageCapture$OutputFileOptions$Builder
    public void <init>(android.content.ContentResolver,android.net.Uri,android.content.ContentValues)
    public void <init>(java.io.OutputStream)
okio.Throttler$sink$1